Determining if the pthread_create exist failed with the following output:
Change Dir: /home/ikeda/MeijoDrone/sip_mavros_ws/build/CMakeFiles/CMakeTmp

Run Build Command:/usr/bin/make "cmTryCompileExec1188858893/fast"
/usr/bin/make -f CMakeFiles/cmTryCompileExec1188858893.dir/build.make CMakeFiles/cmTryCompileExec1188858893.dir/build
make[1]: ディレクトリ `/home/ikeda/MeijoDrone/sip_mavros_ws/build/CMakeFiles/CMakeTmp' に入ります
/usr/bin/cmake -E cmake_progress_report /home/ikeda/MeijoDrone/sip_mavros_ws/build/CMakeFiles/CMakeTmp/CMakeFiles 1
Building C object CMakeFiles/cmTryCompileExec1188858893.dir/CheckSymbolExists.c.o
/usr/bin/cc    -o CMakeFiles/cmTryCompileExec1188858893.dir/CheckSymbolExists.c.o   -c /home/ikeda/MeijoDrone/sip_mavros_ws/build/CMakeFiles/CMakeTmp/CheckSymbolExists.c
Linking C executable cmTryCompileExec1188858893
/usr/bin/cmake -E cmake_link_script CMakeFiles/cmTryCompileExec1188858893.dir/link.txt --verbose=1
/usr/bin/cc       CMakeFiles/cmTryCompileExec1188858893.dir/CheckSymbolExists.c.o  -o cmTryCompileExec1188858893 -rdynamic 
CMakeFiles/cmTryCompileExec1188858893.dir/CheckSymbolExists.c.o: 関数 `main' 内:
CheckSymbolExists.c:(.text+0x16): `pthread_create' に対する定義されていない参照です
collect2: error: ld returned 1 exit status
make[1]: ディレクトリ `/home/ikeda/MeijoDrone/sip_mavros_ws/build/CMakeFiles/CMakeTmp' から出ます
make[1]: *** [cmTryCompileExec1188858893] エラー 1
make: *** [cmTryCompileExec1188858893/fast] エラー 2

File /home/ikeda/MeijoDrone/sip_mavros_ws/build/CMakeFiles/CMakeTmp/CheckSymbolExists.c:
/* */
#include <pthread.h>

int main(int argc, char** argv)
{
  (void)argv;
#ifndef pthread_create
  return ((int*)(&pthread_create))[argc];
#else
  (void)argc;
  return 0;
#endif
}

Determining if the function pthread_create exists in the pthreads failed with the following output:
Change Dir: /home/ikeda/MeijoDrone/sip_mavros_ws/build/CMakeFiles/CMakeTmp

Run Build Command:/usr/bin/make "cmTryCompileExec3610177421/fast"
/usr/bin/make -f CMakeFiles/cmTryCompileExec3610177421.dir/build.make CMakeFiles/cmTryCompileExec3610177421.dir/build
make[1]: ディレクトリ `/home/ikeda/MeijoDrone/sip_mavros_ws/build/CMakeFiles/CMakeTmp' に入ります
/usr/bin/cmake -E cmake_progress_report /home/ikeda/MeijoDrone/sip_mavros_ws/build/CMakeFiles/CMakeTmp/CMakeFiles 1
Building C object CMakeFiles/cmTryCompileExec3610177421.dir/CheckFunctionExists.c.o
/usr/bin/cc   -DCHECK_FUNCTION_EXISTS=pthread_create   -o CMakeFiles/cmTryCompileExec3610177421.dir/CheckFunctionExists.c.o   -c /usr/share/cmake-2.8/Modules/CheckFunctionExists.c
Linking C executable cmTryCompileExec3610177421
/usr/bin/cmake -E cmake_link_script CMakeFiles/cmTryCompileExec3610177421.dir/link.txt --verbose=1
/usr/bin/cc   -DCHECK_FUNCTION_EXISTS=pthread_create    CMakeFiles/cmTryCompileExec3610177421.dir/CheckFunctionExists.c.o  -o cmTryCompileExec3610177421 -rdynamic -lpthreads 
/usr/bin/ld: -lpthreads が見つかりません
collect2: error: ld returned 1 exit status
make[1]: ディレクトリ `/home/ikeda/MeijoDrone/sip_mavros_ws/build/CMakeFiles/CMakeTmp' から出ます
make[1]: *** [cmTryCompileExec3610177421] エラー 1
make: *** [cmTryCompileExec3610177421/fast] エラー 2


