Determining if the pthread_create exist failed with the following output:
Change Dir: /home/ikeda/editing_ros/open_source/open_source/sip_scenario_ws/build/CMakeFiles/CMakeTmp

Run Build Command:/usr/bin/make "cmTryCompileExec143753197/fast"
/usr/bin/make -f CMakeFiles/cmTryCompileExec143753197.dir/build.make CMakeFiles/cmTryCompileExec143753197.dir/build
make[1]: ディレクトリ `/home/ikeda/editing_ros/open_source/open_source/sip_scenario_ws/build/CMakeFiles/CMakeTmp' に入ります
/usr/bin/cmake -E cmake_progress_report /home/ikeda/editing_ros/open_source/open_source/sip_scenario_ws/build/CMakeFiles/CMakeTmp/CMakeFiles 1
Building C object CMakeFiles/cmTryCompileExec143753197.dir/CheckSymbolExists.c.o
/usr/bin/cc    -o CMakeFiles/cmTryCompileExec143753197.dir/CheckSymbolExists.c.o   -c /home/ikeda/editing_ros/open_source/open_source/sip_scenario_ws/build/CMakeFiles/CMakeTmp/CheckSymbolExists.c
Linking C executable cmTryCompileExec143753197
/usr/bin/cmake -E cmake_link_script CMakeFiles/cmTryCompileExec143753197.dir/link.txt --verbose=1
/usr/bin/cc       CMakeFiles/cmTryCompileExec143753197.dir/CheckSymbolExists.c.o  -o cmTryCompileExec143753197 -rdynamic 
CMakeFiles/cmTryCompileExec143753197.dir/CheckSymbolExists.c.o: 関数 `main' 内:
CheckSymbolExists.c:(.text+0x16): `pthread_create' に対する定義されていない参照です
collect2: error: ld returned 1 exit status
make[1]: ディレクトリ `/home/ikeda/editing_ros/open_source/open_source/sip_scenario_ws/build/CMakeFiles/CMakeTmp' から出ます
make[1]: *** [cmTryCompileExec143753197] エラー 1
make: *** [cmTryCompileExec143753197/fast] エラー 2

File /home/ikeda/editing_ros/open_source/open_source/sip_scenario_ws/build/CMakeFiles/CMakeTmp/CheckSymbolExists.c:
/* */
#include <pthread.h>

int main(int argc, char** argv)
{
  (void)argv;
#ifndef pthread_create
  return ((int*)(&pthread_create))[argc];
#else
  (void)argc;
  return 0;
#endif
}

Determining if the function pthread_create exists in the pthreads failed with the following output:
Change Dir: /home/ikeda/editing_ros/open_source/open_source/sip_scenario_ws/build/CMakeFiles/CMakeTmp

Run Build Command:/usr/bin/make "cmTryCompileExec2929312985/fast"
/usr/bin/make -f CMakeFiles/cmTryCompileExec2929312985.dir/build.make CMakeFiles/cmTryCompileExec2929312985.dir/build
make[1]: ディレクトリ `/home/ikeda/editing_ros/open_source/open_source/sip_scenario_ws/build/CMakeFiles/CMakeTmp' に入ります
/usr/bin/cmake -E cmake_progress_report /home/ikeda/editing_ros/open_source/open_source/sip_scenario_ws/build/CMakeFiles/CMakeTmp/CMakeFiles 1
Building C object CMakeFiles/cmTryCompileExec2929312985.dir/CheckFunctionExists.c.o
/usr/bin/cc   -DCHECK_FUNCTION_EXISTS=pthread_create   -o CMakeFiles/cmTryCompileExec2929312985.dir/CheckFunctionExists.c.o   -c /usr/share/cmake-2.8/Modules/CheckFunctionExists.c
Linking C executable cmTryCompileExec2929312985
/usr/bin/cmake -E cmake_link_script CMakeFiles/cmTryCompileExec2929312985.dir/link.txt --verbose=1
/usr/bin/cc   -DCHECK_FUNCTION_EXISTS=pthread_create    CMakeFiles/cmTryCompileExec2929312985.dir/CheckFunctionExists.c.o  -o cmTryCompileExec2929312985 -rdynamic -lpthreads 
/usr/bin/ld: -lpthreads が見つかりません
collect2: error: ld returned 1 exit status
make[1]: ディレクトリ `/home/ikeda/editing_ros/open_source/open_source/sip_scenario_ws/build/CMakeFiles/CMakeTmp' から出ます
make[1]: *** [cmTryCompileExec2929312985] エラー 1
make: *** [cmTryCompileExec2929312985/fast] エラー 2


